21:03:13 [main] TRACE com.lomoni.pages.Main - Default close operation set to EXIT_ON_CLOSE
21:03:13 [main] TRACE com.lomoni.pages.Main - Card Layout set to frame
21:03:14 [main] INFO  com.lomoni.pages.Login - Input fields focus set
21:03:14 [main] FATAL com.lomoni.pages.Main - Exception while initializing
java.lang.NullPointerException: Cannot invoke "javax.swing.JTable.getModel()" because "this.inventoryTable" is null
	at com.lomoni.pages.utils.TableFilter.<init>(TableFilter.java:22) ~[pharma/:?]
	at com.lomoni.pages.Main.setUpUI(Main.java:45) [pharma/:?]
	at com.lomoni.pages.Main.main(Main.java:76) [pharma/:?]
21:03:49 [main] TRACE com.lomoni.pages.Main - Default close operation set to EXIT_ON_CLOSE
21:03:49 [main] TRACE com.lomoni.pages.Main - Card Layout set to frame
21:03:50 [main] INFO  com.lomoni.pages.Login - Input fields focus set
21:03:50 [main] FATAL com.lomoni.pages.Main - Exception while initializing
java.lang.NullPointerException: Cannot invoke "javax.swing.JTable.getModel()" because "this.inventoryTable" is null
	at com.lomoni.pages.utils.TableFilter.<init>(TableFilter.java:22) ~[pharma/:?]
	at com.lomoni.pages.Main.setUpUI(Main.java:45) [pharma/:?]
	at com.lomoni.pages.Main.main(Main.java:77) [pharma/:?]
21:05:36 [main] TRACE com.lomoni.pages.Main - Default close operation set to EXIT_ON_CLOSE
21:05:36 [main] TRACE com.lomoni.pages.Main - Card Layout set to frame
21:05:37 [main] INFO  com.lomoni.pages.Login - Input fields focus set
21:05:37 [main] INFO  com.lomoni.pages.Prescription - Set table filter occured
21:05:37 [main] INFO  com.lomoni.pages.Prescription - Prescription data set
21:05:37 [main] INFO  com.lomoni.pages.Prescription - Placeholders set
21:05:37 [main] INFO  com.lomoni.pages.Prescription - Table filter set on prescription data
21:05:37 [main] INFO  com.lomoni.pages.Main - Initialization complete
21:05:43 [AWT-EventQueue-0] INFO  com.lomoni.pages.Login - Login Data Passed to Service
21:05:43 [AWT-EventQueue-0] INFO  com.lomoni.pages.Login - Login Button Clicked
21:09:53 [main] TRACE com.lomoni.pages.Main - Default close operation set to EXIT_ON_CLOSE
21:09:53 [main] TRACE com.lomoni.pages.Main - Card Layout set to frame
21:09:53 [main] INFO  com.lomoni.pages.Login - Input fields focus set
21:09:53 [main] INFO  com.lomoni.pages.Prescription - Set table filter occured
21:09:53 [main] INFO  com.lomoni.pages.Prescription - Prescription data set
21:09:53 [main] INFO  com.lomoni.pages.Prescription - Placeholders set
21:09:53 [main] INFO  com.lomoni.pages.Prescription - Table filter set on prescription data
21:09:53 [main] INFO  com.lomoni.pages.Main - Initialization complete
21:09:56 [AWT-EventQueue-0] FATAL com.lomoni.pages.Login - Exception occurred while carrying out the login action : Cannot read the array length because "value" is null
java.lang.NullPointerException: Cannot read the array length because "value" is null
	at java.lang.String.<init>(String.java:277) ~[?:?]
	at com.lomoni.pages.Login.handleLoginAction(Login.java:107) ~[pharma/:?]
	at com.lomoni.pages.Login.lambda$new$0(Login.java:83) ~[pharma/:?]
	at javax.swing.AbstractButton.fireActionPerformed(AbstractButton.java:1972) ~[?:?]
	at javax.swing.AbstractButton$Handler.actionPerformed(AbstractButton.java:2314) ~[?:?]
	at javax.swing.DefaultButtonModel.fireActionPerformed(DefaultButtonModel.java:407) ~[?:?]
	at javax.swing.DefaultButtonModel.setPressed(DefaultButtonModel.java:262) ~[?:?]
	at javax.swing.plaf.basic.BasicButtonListener.mouseReleased(BasicButtonListener.java:279) ~[?:?]
	at java.awt.Component.processMouseEvent(Component.java:6620) ~[?:?]
	at javax.swing.JComponent.processMouseEvent(JComponent.java:3398) ~[?:?]
	at java.awt.Component.processEvent(Component.java:6385) ~[?:?]
	at java.awt.Container.processEvent(Container.java:2266) ~[?:?]
	at java.awt.Component.dispatchEventImpl(Component.java:4995) ~[?:?]
	at java.awt.Container.dispatchEventImpl(Container.java:2324) ~[?:?]
	at java.awt.Component.dispatchEvent(Component.java:4827) ~[?:?]
	at java.awt.LightweightDispatcher.retargetMouseEvent(Container.java:4948) ~[?:?]
	at java.awt.LightweightDispatcher.processMouseEvent(Container.java:4575) ~[?:?]
	at java.awt.LightweightDispatcher.dispatchEvent(Container.java:4516) ~[?:?]
	at java.awt.Container.dispatchEventImpl(Container.java:2310) ~[?:?]
	at java.awt.Window.dispatchEventImpl(Window.java:2780) ~[?:?]
	at java.awt.Component.dispatchEvent(Component.java:4827) ~[?:?]
	at java.awt.EventQueue.dispatchEventImpl(EventQueue.java:775) ~[?:?]
	at java.awt.EventQueue$4.run(EventQueue.java:720) ~[?:?]
	at java.awt.EventQueue$4.run(EventQueue.java:714) ~[?:?]
	at java.security.AccessController.doPrivileged(AccessController.java:400) [?:?]
	at java.security.ProtectionDomain$JavaSecurityAccessImpl.doIntersectionPrivilege(ProtectionDomain.java:87) ~[?:?]
	at java.security.ProtectionDomain$JavaSecurityAccessImpl.doIntersectionPrivilege(ProtectionDomain.java:98) ~[?:?]
	at java.awt.EventQueue$5.run(EventQueue.java:747) ~[?:?]
	at java.awt.EventQueue$5.run(EventQueue.java:745) ~[?:?]
	at java.security.AccessController.doPrivileged(AccessController.java:400) [?:?]
	at java.security.ProtectionDomain$JavaSecurityAccessImpl.doIntersectionPrivilege(ProtectionDomain.java:87) [?:?]
	at java.awt.EventQueue.dispatchEvent(EventQueue.java:744) [?:?]
	at java.awt.EventDispatchThread.pumpOneEventForFilters(EventDispatchThread.java:203) [?:?]
	at java.awt.EventDispatchThread.pumpEventsForFilter(EventDispatchThread.java:124) [?:?]
	at java.awt.EventDispatchThread.pumpEventsForHierarchy(EventDispatchThread.java:113) [?:?]
	at java.awt.EventDispatchThread.pumpEvents(EventDispatchThread.java:109) [?:?]
	at java.awt.EventDispatchThread.pumpEvents(EventDispatchThread.java:101) [?:?]
	at java.awt.EventDispatchThread.run(EventDispatchThread.java:90) [?:?]
21:09:56 [AWT-EventQueue-0] INFO  com.lomoni.pages.Login - Login Button Clicked
21:10:08 [AWT-EventQueue-0] INFO  com.lomoni.pages.Login - Login Data Passed to Service
21:10:08 [AWT-EventQueue-0] INFO  com.lomoni.pages.Login - Login Button Clicked
21:11:14 [main] TRACE com.lomoni.pages.Main - Default close operation set to EXIT_ON_CLOSE
21:11:14 [main] TRACE com.lomoni.pages.Main - Card Layout set to frame
21:11:14 [main] INFO  com.lomoni.pages.Login - Input fields focus set
21:11:14 [main] INFO  com.lomoni.pages.Prescription - Set table filter occurred
21:11:14 [main] INFO  com.lomoni.pages.Prescription - Prescription data set
21:11:14 [main] INFO  com.lomoni.pages.Prescription - Placeholders set
21:11:14 [main] INFO  com.lomoni.pages.Prescription - Table filter set on prescription data
21:11:15 [main] INFO  com.lomoni.pages.Main - Initialization complete
21:11:23 [AWT-EventQueue-0] INFO  com.lomoni.pages.Login - Login Data Passed to Service
21:11:23 [AWT-EventQueue-0] TRACE com.lomoni.pages.Login - Screen switched to Inventory
21:11:23 [AWT-EventQueue-0] INFO  com.lomoni.pages.Login - Login Button Clicked
21:21:58 [main] TRACE com.lomoni.pages.Main - Default close operation set to EXIT_ON_CLOSE
21:21:58 [main] TRACE com.lomoni.pages.Main - Card Layout set to frame
21:21:58 [main] INFO  com.lomoni.pages.Login - Input fields focus set
21:21:59 [main] INFO  com.lomoni.pages.Prescription - Set table filter occured
21:21:59 [main] INFO  com.lomoni.pages.Prescription - Prescription data set
21:21:59 [main] INFO  com.lomoni.pages.Prescription - Placeholders set
21:21:59 [main] INFO  com.lomoni.pages.Prescription - Table filter set on prescription data
21:21:59 [main] INFO  com.lomoni.pages.Main - Initialization complete
21:22:01 [AWT-EventQueue-0] FATAL com.lomoni.pages.Login - Exception occurred while carrying out the login action : Cannot read the array length because "value" is null
java.lang.NullPointerException: Cannot read the array length because "value" is null
	at java.lang.String.<init>(String.java:277) ~[?:?]
	at com.lomoni.pages.Login.handleLoginAction(Login.java:113) ~[pharma/:?]
	at com.lomoni.pages.Login.lambda$new$0(Login.java:88) ~[pharma/:?]
	at javax.swing.AbstractButton.fireActionPerformed(AbstractButton.java:1972) ~[?:?]
	at javax.swing.AbstractButton$Handler.actionPerformed(AbstractButton.java:2314) ~[?:?]
	at javax.swing.DefaultButtonModel.fireActionPerformed(DefaultButtonModel.java:407) ~[?:?]
	at javax.swing.DefaultButtonModel.setPressed(DefaultButtonModel.java:262) ~[?:?]
	at javax.swing.plaf.basic.BasicButtonListener.mouseReleased(BasicButtonListener.java:279) ~[?:?]
	at java.awt.Component.processMouseEvent(Component.java:6620) ~[?:?]
	at javax.swing.JComponent.processMouseEvent(JComponent.java:3398) ~[?:?]
	at java.awt.Component.processEvent(Component.java:6385) ~[?:?]
	at java.awt.Container.processEvent(Container.java:2266) ~[?:?]
	at java.awt.Component.dispatchEventImpl(Component.java:4995) ~[?:?]
	at java.awt.Container.dispatchEventImpl(Container.java:2324) ~[?:?]
	at java.awt.Component.dispatchEvent(Component.java:4827) ~[?:?]
	at java.awt.LightweightDispatcher.retargetMouseEvent(Container.java:4948) ~[?:?]
	at java.awt.LightweightDispatcher.processMouseEvent(Container.java:4575) ~[?:?]
	at java.awt.LightweightDispatcher.dispatchEvent(Container.java:4516) ~[?:?]
	at java.awt.Container.dispatchEventImpl(Container.java:2310) ~[?:?]
	at java.awt.Window.dispatchEventImpl(Window.java:2780) ~[?:?]
	at java.awt.Component.dispatchEvent(Component.java:4827) ~[?:?]
	at java.awt.EventQueue.dispatchEventImpl(EventQueue.java:775) ~[?:?]
	at java.awt.EventQueue$4.run(EventQueue.java:720) ~[?:?]
	at java.awt.EventQueue$4.run(EventQueue.java:714) ~[?:?]
	at java.security.AccessController.doPrivileged(AccessController.java:400) [?:?]
	at java.security.ProtectionDomain$JavaSecurityAccessImpl.doIntersectionPrivilege(ProtectionDomain.java:87) ~[?:?]
	at java.security.ProtectionDomain$JavaSecurityAccessImpl.doIntersectionPrivilege(ProtectionDomain.java:98) ~[?:?]
	at java.awt.EventQueue$5.run(EventQueue.java:747) ~[?:?]
	at java.awt.EventQueue$5.run(EventQueue.java:745) ~[?:?]
	at java.security.AccessController.doPrivileged(AccessController.java:400) [?:?]
	at java.security.ProtectionDomain$JavaSecurityAccessImpl.doIntersectionPrivilege(ProtectionDomain.java:87) [?:?]
	at java.awt.EventQueue.dispatchEvent(EventQueue.java:744) [?:?]
	at java.awt.EventDispatchThread.pumpOneEventForFilters(EventDispatchThread.java:203) [?:?]
	at java.awt.EventDispatchThread.pumpEventsForFilter(EventDispatchThread.java:124) [?:?]
	at java.awt.EventDispatchThread.pumpEventsForHierarchy(EventDispatchThread.java:113) [?:?]
	at java.awt.EventDispatchThread.pumpEvents(EventDispatchThread.java:109) [?:?]
	at java.awt.EventDispatchThread.pumpEvents(EventDispatchThread.java:101) [?:?]
	at java.awt.EventDispatchThread.run(EventDispatchThread.java:90) [?:?]
21:22:01 [AWT-EventQueue-0] INFO  com.lomoni.pages.Login - Login Button Clicked
21:22:09 [AWT-EventQueue-0] FATAL com.lomoni.pages.Login - Exception occurred while carrying out the login action : Cannot read the array length because "value" is null
java.lang.NullPointerException: Cannot read the array length because "value" is null
	at java.lang.String.<init>(String.java:277) ~[?:?]
	at com.lomoni.pages.Login.handleLoginAction(Login.java:113) ~[pharma/:?]
	at com.lomoni.pages.Login.lambda$new$0(Login.java:88) ~[pharma/:?]
	at javax.swing.AbstractButton.fireActionPerformed(AbstractButton.java:1972) ~[?:?]
	at javax.swing.AbstractButton$Handler.actionPerformed(AbstractButton.java:2314) ~[?:?]
	at javax.swing.DefaultButtonModel.fireActionPerformed(DefaultButtonModel.java:407) ~[?:?]
	at javax.swing.DefaultButtonModel.setPressed(DefaultButtonModel.java:262) ~[?:?]
	at javax.swing.plaf.basic.BasicButtonListener.mouseReleased(BasicButtonListener.java:279) ~[?:?]
	at java.awt.Component.processMouseEvent(Component.java:6620) ~[?:?]
	at javax.swing.JComponent.processMouseEvent(JComponent.java:3398) ~[?:?]
	at java.awt.Component.processEvent(Component.java:6385) ~[?:?]
	at java.awt.Container.processEvent(Container.java:2266) ~[?:?]
	at java.awt.Component.dispatchEventImpl(Component.java:4995) ~[?:?]
	at java.awt.Container.dispatchEventImpl(Container.java:2324) ~[?:?]
	at java.awt.Component.dispatchEvent(Component.java:4827) ~[?:?]
	at java.awt.LightweightDispatcher.retargetMouseEvent(Container.java:4948) ~[?:?]
	at java.awt.LightweightDispatcher.processMouseEvent(Container.java:4575) ~[?:?]
	at java.awt.LightweightDispatcher.dispatchEvent(Container.java:4516) ~[?:?]
	at java.awt.Container.dispatchEventImpl(Container.java:2310) ~[?:?]
	at java.awt.Window.dispatchEventImpl(Window.java:2780) ~[?:?]
	at java.awt.Component.dispatchEvent(Component.java:4827) ~[?:?]
	at java.awt.EventQueue.dispatchEventImpl(EventQueue.java:775) ~[?:?]
	at java.awt.EventQueue$4.run(EventQueue.java:720) ~[?:?]
	at java.awt.EventQueue$4.run(EventQueue.java:714) ~[?:?]
	at java.security.AccessController.doPrivileged(AccessController.java:400) [?:?]
	at java.security.ProtectionDomain$JavaSecurityAccessImpl.doIntersectionPrivilege(ProtectionDomain.java:87) ~[?:?]
	at java.security.ProtectionDomain$JavaSecurityAccessImpl.doIntersectionPrivilege(ProtectionDomain.java:98) ~[?:?]
	at java.awt.EventQueue$5.run(EventQueue.java:747) ~[?:?]
	at java.awt.EventQueue$5.run(EventQueue.java:745) ~[?:?]
	at java.security.AccessController.doPrivileged(AccessController.java:400) [?:?]
	at java.security.ProtectionDomain$JavaSecurityAccessImpl.doIntersectionPrivilege(ProtectionDomain.java:87) [?:?]
	at java.awt.EventQueue.dispatchEvent(EventQueue.java:744) [?:?]
	at java.awt.EventDispatchThread.pumpOneEventForFilters(EventDispatchThread.java:203) [?:?]
	at java.awt.EventDispatchThread.pumpEventsForFilter(EventDispatchThread.java:124) [?:?]
	at java.awt.EventDispatchThread.pumpEventsForHierarchy(EventDispatchThread.java:113) [?:?]
	at java.awt.EventDispatchThread.pumpEvents(EventDispatchThread.java:109) [?:?]
	at java.awt.EventDispatchThread.pumpEvents(EventDispatchThread.java:101) [?:?]
	at java.awt.EventDispatchThread.run(EventDispatchThread.java:90) [?:?]
21:22:09 [AWT-EventQueue-0] INFO  com.lomoni.pages.Login - Login Button Clicked
21:24:07 [main] TRACE com.lomoni.pages.Main - Default close operation set to EXIT_ON_CLOSE
21:24:07 [main] TRACE com.lomoni.pages.Main - Card Layout set to frame
21:24:07 [main] INFO  com.lomoni.pages.Login - Input fields focus set
21:24:07 [main] INFO  com.lomoni.pages.Prescription - Set table filter occured
21:24:07 [main] INFO  com.lomoni.pages.Prescription - Prescription data set
21:24:07 [main] INFO  com.lomoni.pages.Prescription - Placeholders set
21:24:07 [main] INFO  com.lomoni.pages.Prescription - Table filter set on prescription data
21:24:07 [main] INFO  com.lomoni.pages.Main - Initialization complete
21:24:08 [AWT-EventQueue-0] FATAL com.lomoni.pages.Login - Exception occurred while carrying out the login action : Cannot read the array length because "value" is null
java.lang.NullPointerException: Cannot read the array length because "value" is null
	at java.lang.String.<init>(String.java:277) ~[?:?]
	at com.lomoni.pages.Login.handleLoginAction(Login.java:113) ~[pharma/:?]
	at com.lomoni.pages.Login.lambda$new$0(Login.java:88) ~[pharma/:?]
	at javax.swing.AbstractButton.fireActionPerformed(AbstractButton.java:1972) ~[?:?]
	at javax.swing.AbstractButton$Handler.actionPerformed(AbstractButton.java:2314) ~[?:?]
	at javax.swing.DefaultButtonModel.fireActionPerformed(DefaultButtonModel.java:407) ~[?:?]
	at javax.swing.DefaultButtonModel.setPressed(DefaultButtonModel.java:262) ~[?:?]
	at javax.swing.plaf.basic.BasicButtonListener.mouseReleased(BasicButtonListener.java:279) ~[?:?]
	at java.awt.Component.processMouseEvent(Component.java:6620) ~[?:?]
	at javax.swing.JComponent.processMouseEvent(JComponent.java:3398) ~[?:?]
	at java.awt.Component.processEvent(Component.java:6385) ~[?:?]
	at java.awt.Container.processEvent(Container.java:2266) ~[?:?]
	at java.awt.Component.dispatchEventImpl(Component.java:4995) ~[?:?]
	at java.awt.Container.dispatchEventImpl(Container.java:2324) ~[?:?]
	at java.awt.Component.dispatchEvent(Component.java:4827) ~[?:?]
	at java.awt.LightweightDispatcher.retargetMouseEvent(Container.java:4948) ~[?:?]
	at java.awt.LightweightDispatcher.processMouseEvent(Container.java:4575) ~[?:?]
	at java.awt.LightweightDispatcher.dispatchEvent(Container.java:4516) ~[?:?]
	at java.awt.Container.dispatchEventImpl(Container.java:2310) ~[?:?]
	at java.awt.Window.dispatchEventImpl(Window.java:2780) ~[?:?]
	at java.awt.Component.dispatchEvent(Component.java:4827) ~[?:?]
	at java.awt.EventQueue.dispatchEventImpl(EventQueue.java:775) ~[?:?]
	at java.awt.EventQueue$4.run(EventQueue.java:720) ~[?:?]
	at java.awt.EventQueue$4.run(EventQueue.java:714) ~[?:?]
	at java.security.AccessController.doPrivileged(AccessController.java:400) [?:?]
	at java.security.ProtectionDomain$JavaSecurityAccessImpl.doIntersectionPrivilege(ProtectionDomain.java:87) ~[?:?]
	at java.security.ProtectionDomain$JavaSecurityAccessImpl.doIntersectionPrivilege(ProtectionDomain.java:98) ~[?:?]
	at java.awt.EventQueue$5.run(EventQueue.java:747) ~[?:?]
	at java.awt.EventQueue$5.run(EventQueue.java:745) ~[?:?]
	at java.security.AccessController.doPrivileged(AccessController.java:400) [?:?]
	at java.security.ProtectionDomain$JavaSecurityAccessImpl.doIntersectionPrivilege(ProtectionDomain.java:87) [?:?]
	at java.awt.EventQueue.dispatchEvent(EventQueue.java:744) [?:?]
	at java.awt.EventDispatchThread.pumpOneEventForFilters(EventDispatchThread.java:203) [?:?]
	at java.awt.EventDispatchThread.pumpEventsForFilter(EventDispatchThread.java:124) [?:?]
	at java.awt.EventDispatchThread.pumpEventsForHierarchy(EventDispatchThread.java:113) [?:?]
	at java.awt.EventDispatchThread.pumpEvents(EventDispatchThread.java:109) [?:?]
	at java.awt.EventDispatchThread.pumpEvents(EventDispatchThread.java:101) [?:?]
	at java.awt.EventDispatchThread.run(EventDispatchThread.java:90) [?:?]
21:24:08 [AWT-EventQueue-0] INFO  com.lomoni.pages.Login - Login Button Clicked
21:26:31 [main] TRACE com.lomoni.pages.Main - Default close operation set to EXIT_ON_CLOSE
21:26:31 [main] TRACE com.lomoni.pages.Main - Card Layout set to frame
21:26:32 [main] INFO  com.lomoni.pages.Login - Input fields focus set
21:26:32 [main] INFO  com.lomoni.pages.Prescription - Set table filter occured
21:26:32 [main] INFO  com.lomoni.pages.Prescription - Prescription data set
21:26:32 [main] INFO  com.lomoni.pages.Prescription - Placeholders set
21:26:32 [main] INFO  com.lomoni.pages.Prescription - Table filter set on prescription data
21:26:32 [main] INFO  com.lomoni.pages.Main - Initialization complete
21:26:33 [AWT-EventQueue-0] FATAL com.lomoni.pages.Login - Exception occurred while carrying out the login action : Cannot read the array length because "value" is null
java.lang.NullPointerException: Cannot read the array length because "value" is null
	at java.lang.String.<init>(String.java:277) ~[?:?]
	at com.lomoni.pages.Login.handleLoginAction(Login.java:113) ~[pharma/:?]
	at com.lomoni.pages.Login.lambda$new$0(Login.java:88) ~[pharma/:?]
	at javax.swing.AbstractButton.fireActionPerformed(AbstractButton.java:1972) ~[?:?]
	at javax.swing.AbstractButton$Handler.actionPerformed(AbstractButton.java:2314) ~[?:?]
	at javax.swing.DefaultButtonModel.fireActionPerformed(DefaultButtonModel.java:407) ~[?:?]
	at javax.swing.DefaultButtonModel.setPressed(DefaultButtonModel.java:262) ~[?:?]
	at javax.swing.plaf.basic.BasicButtonListener.mouseReleased(BasicButtonListener.java:279) ~[?:?]
	at java.awt.Component.processMouseEvent(Component.java:6620) ~[?:?]
	at javax.swing.JComponent.processMouseEvent(JComponent.java:3398) ~[?:?]
	at java.awt.Component.processEvent(Component.java:6385) ~[?:?]
	at java.awt.Container.processEvent(Container.java:2266) ~[?:?]
	at java.awt.Component.dispatchEventImpl(Component.java:4995) ~[?:?]
	at java.awt.Container.dispatchEventImpl(Container.java:2324) ~[?:?]
	at java.awt.Component.dispatchEvent(Component.java:4827) ~[?:?]
	at java.awt.LightweightDispatcher.retargetMouseEvent(Container.java:4948) ~[?:?]
	at java.awt.LightweightDispatcher.processMouseEvent(Container.java:4575) ~[?:?]
	at java.awt.LightweightDispatcher.dispatchEvent(Container.java:4516) ~[?:?]
	at java.awt.Container.dispatchEventImpl(Container.java:2310) ~[?:?]
	at java.awt.Window.dispatchEventImpl(Window.java:2780) ~[?:?]
	at java.awt.Component.dispatchEvent(Component.java:4827) ~[?:?]
	at java.awt.EventQueue.dispatchEventImpl(EventQueue.java:775) ~[?:?]
	at java.awt.EventQueue$4.run(EventQueue.java:720) ~[?:?]
	at java.awt.EventQueue$4.run(EventQueue.java:714) ~[?:?]
	at java.security.AccessController.doPrivileged(AccessController.java:400) [?:?]
	at java.security.ProtectionDomain$JavaSecurityAccessImpl.doIntersectionPrivilege(ProtectionDomain.java:87) ~[?:?]
	at java.security.ProtectionDomain$JavaSecurityAccessImpl.doIntersectionPrivilege(ProtectionDomain.java:98) ~[?:?]
	at java.awt.EventQueue$5.run(EventQueue.java:747) ~[?:?]
	at java.awt.EventQueue$5.run(EventQueue.java:745) ~[?:?]
	at java.security.AccessController.doPrivileged(AccessController.java:400) [?:?]
	at java.security.ProtectionDomain$JavaSecurityAccessImpl.doIntersectionPrivilege(ProtectionDomain.java:87) [?:?]
	at java.awt.EventQueue.dispatchEvent(EventQueue.java:744) [?:?]
	at java.awt.EventDispatchThread.pumpOneEventForFilters(EventDispatchThread.java:203) [?:?]
	at java.awt.EventDispatchThread.pumpEventsForFilter(EventDispatchThread.java:124) [?:?]
	at java.awt.EventDispatchThread.pumpEventsForHierarchy(EventDispatchThread.java:113) [?:?]
	at java.awt.EventDispatchThread.pumpEvents(EventDispatchThread.java:109) [?:?]
	at java.awt.EventDispatchThread.pumpEvents(EventDispatchThread.java:101) [?:?]
	at java.awt.EventDispatchThread.run(EventDispatchThread.java:90) [?:?]
21:26:33 [AWT-EventQueue-0] INFO  com.lomoni.pages.Login - Login Button Clicked
21:29:03 [main] TRACE com.lomoni.pages.Main - Default close operation set to EXIT_ON_CLOSE
21:29:03 [main] TRACE com.lomoni.pages.Main - Card Layout set to frame
21:29:04 [main] FATAL com.lomoni.pages.Main - Exception while initializing
java.lang.IllegalArgumentException: adding a window to a container
	at java.awt.Container.checkNotAWindow(Container.java:516) ~[?:?]
	at java.awt.Container.addImpl(Container.java:1119) ~[?:?]
	at java.awt.Container.add(Container.java:1033) ~[?:?]
	at javax.swing.JDialog.addImpl(JDialog.java:918) ~[?:?]
	at java.awt.Container.add(Container.java:440) ~[?:?]
	at com.lomoni.pages.utils.ErrorDialog.<init>(ErrorDialog.java:18) ~[pharma/:?]
	at com.lomoni.pages.Login.<init>(Login.java:46) ~[pharma/:?]
	at com.lomoni.pages.Main.setUpUI(Main.java:43) [pharma/:?]
	at com.lomoni.pages.Main.main(Main.java:77) [pharma/:?]
21:29:52 [main] TRACE com.lomoni.pages.Main - Default close operation set to EXIT_ON_CLOSE
21:29:52 [main] TRACE com.lomoni.pages.Main - Card Layout set to frame
21:29:53 [main] INFO  com.lomoni.pages.Login - Input fields focus set
21:29:53 [main] INFO  com.lomoni.pages.Prescription - Set table filter occured
21:29:53 [main] INFO  com.lomoni.pages.Prescription - Prescription data set
21:29:53 [main] INFO  com.lomoni.pages.Prescription - Placeholders set
21:29:53 [main] INFO  com.lomoni.pages.Prescription - Table filter set on prescription data
21:29:53 [main] INFO  com.lomoni.pages.Main - Initialization complete
